MCS ??蔭:
  ?漲: 0.720 km/min (43.2 km/h)
  ?餅?摰寥?: 270.0 kWh
  敹怠???: 250.0 kW
  ?Ｗ???: 11.0 kW

UAV (T-400 Engine-Powered) ??蔭:
  撌∟?漲: 1.000 km/min (60.0 km/h)
  蝥??: 360.0 min (6.0 hours)
  ?憭找?璆剔??? 200.0 km
  ?璅∠?頛詨??: 50.0 kW
  ?臬頛賊?? 20.0 kWh
  韏琿?雿平?: 3.0 min
================================================================================

頛 25 ??暺?
蝭暺???撣? {'depot': 1, 'normal': 20, 'urgent': 5}
Urgent 蝭暺? 5 ??
Normal 蝭暺? 20 ??

================================================================================
Phase 1: Parallel Insertion Construction (Initial Solution)
================================================================================
Warning: MCS-1 憓?瑼Ｘ???渲?隡唬?銝?湛?撌脤???Node 17
Warning: MCS-1 憓?瑼Ｘ???渲?隡唬?銝?湛?撌脤???Node 5

--- ??閫?---

============================================================
閫????
============================================================

頠??蔭
MCS頝臬??? 5
UAV頝臬??? 1

?格??賣 (?惜撘?
蝮賣??? 10163.67
?芣??蝵? 10000.00 (1 ? 10000.0)
蝑??: 151.12 (151.12 min ? 1.0)
頝?: 12.55 (1255.29 km ? 0.01)

???
撟喳??冽蝑??? (?券摰Ｘ): 151.12 ??
閬??? 96.0% (24/25)
?航?閫? ??(???蝭暺?

?嗡???
蝮賜?嗥?敺??? 3626.78 ??

MCS ?璅∪?蝯梯?
  Fast Charging (250 kW): 3 甈?
  Slow Charging (11 kW): 20 甈?
?Ｗ?瘥?: 87.0%

MCS 頝臬?閰單?
MCS-1: 蝭暺?[21, 15, 4, 25, 13, 8], 頝=224.0km, ?冽蝑?=699.6min, 璅∪?=[F:2/S:4]
MCS-2: 蝭暺?[3, 10, 6, 22, 12, 14], 頝=368.0km, ?冽蝑?=1071.9min, 璅∪?=[F:1/S:5]
MCS-3: 蝭暺?[16, 7, 18, 2], 頝=200.0km, ?冽蝑?=672.1min, 璅∪?=[F:0/S:4]
MCS-4: 蝭暺?[9, 26, 23, 17, 11], 頝=252.0km, ?冽蝑?=863.6min, 璅∪?=[F:0/S:5]
MCS-5: 蝭暺?[5, 19], 頝=136.0km, ?冽蝑?=279.0min, 璅∪?=[F:0/S:2]

UAV 頝臬?閰單?
UAV-1: 蝭暺?[20], 頝=75.3km, ?冽蝑?=40.6min

============================================================
Construction Time: 0.0009 seconds

================================================================================
Phase 2: ALNS Improvement
================================================================================

============================================================
ALNS ?? | ?? cost=10163.6688 | destroy range=[2, 9]
============================================================
  iter=    1 | best=133.0148 | current=133.0148 | T=99.9500 | d=worst_removal r=greedy_insertion
  iter=  500 | best=69.9675 | current=98.4529 | T=77.8752 | d=worst_removal r=regret2_insertion
  iter= 1000 | best=69.9675 | current=113.2575 | T=60.6455 | d=worst_removal r=greedy_insertion
  iter= 1500 | best=69.9675 | current=98.4010 | T=47.2278 | d=worst_removal r=regret2_insertion
  iter= 2000 | best=66.2568 | current=116.4101 | T=36.7787 | d=worst_removal r=regret2_insertion
  iter= 2500 | best=66.2568 | current=98.1562 | T=28.6415 | d=worst_removal r=greedy_insertion
  iter= 3000 | best=66.2568 | current=93.4664 | T=22.3046 | d=random_removal r=regret2_insertion
  iter= 3500 | best=66.2568 | current=119.1737 | T=17.3698 | d=random_removal r=regret2_insertion
  iter= 4000 | best=66.2568 | current=80.5652 | T=13.5268 | d=worst_removal r=regret2_insertion
  iter= 4500 | best=65.1105 | current=86.2073 | T=10.5340 | d=worst_removal r=regret2_insertion
  iter= 5000 | best=61.0519 | current=92.1436 | T=8.2034 | d=random_removal r=greedy_insertion

ALNS 蝯? | best cost=61.0519 | ?孵? 99.40%

?蝯?摮???
  Destroy: {'random_removal': 7.214828519034174, 'worst_removal': 7.722960429941285}
  Repair:  {'greedy_insertion': 7.27188548025089, 'regret2_insertion': 7.657499989245742}

--- ALNS ?雿唾圾 ---

============================================================
閫????
============================================================

頠??蔭
MCS頝臬??? 6
UAV頝臬??? 1

?格??賣 (?惜撘?
蝮賣??? 61.05
?芣??蝵? 0.00 (0 ? 10000.0)
蝑??: 49.82 (49.82 min ? 1.0)
頝?: 11.23 (1122.84 km ? 0.01)

???
撟喳??冽蝑??? (?券摰Ｘ): 49.82 ??
閬??? 96.0% (25/25)
?航?閫? ??

?嗡???
蝮賜?嗥?敺??? 1195.76 ??

MCS ?璅∪?蝯梯?
  Fast Charging (250 kW): 0 甈?
  Slow Charging (11 kW): 19 甈?
?Ｗ?瘥?: 100.0%

MCS 頝臬?閰單?
MCS-1: 蝭暺?[16, 17, 5, 14], 頝=149.0km, ?冽蝑?=150.8min, 璅∪?=[F:0/S:3]
MCS-2: 蝭暺?[3, 10, 26, 12, 18], 頝=266.0km, ?冽蝑?=354.0min, 璅∪?=[F:0/S:5]
MCS-3: 蝭暺?[15, 25, 8, 11], 頝=164.0km, ?冽蝑?=186.0min, 璅∪?=[F:0/S:4]
MCS-4: 蝭暺?[6, 23, 22], 頝=110.0km, ?冽蝑?=137.5min, 璅∪?=[F:0/S:3]
MCS-5: 蝭暺?[7, 2], 頝=172.0km, ?冽蝑?=179.2min, 璅∪?=[F:0/S:2]
MCS-6: 蝭暺?[21, 9, 4, 19], 頝=132.0km, ?冽蝑?=90.2min, 璅∪?=[F:0/S:2]

UAV 頝臬?閰單?
UAV-1: 蝭暺?[13, 20], 頝=129.8km, ?冽蝑?=98.2min

============================================================
ALNS Time: 3.3379 seconds
Total Time: 3.3388 seconds
頝臬??歇?脣??? routes_alns.png
------------------------------------------------------------------------

??撌脣摮?
  - 頝舐??? routes_alns.png
