MCS ??蔭:
  ?漲: 0.720 km/min (43.2 km/h)
  ?餅?摰寥?: 270.0 kWh
  敹怠???: 250.0 kW
  ?Ｗ???: 11.0 kW

UAV (T-400 Engine-Powered) ??蔭:
  撌∟?漲: 1.000 km/min (60.0 km/h)
  蝥??: 360.0 min (6.0 hours)
  ?憭找?璆剔??? 200.0 km
  ?璅∠?頛詨??: 50.0 kW
  ?臬頛賊?? 20.0 kWh
  韏琿?雿平?: 3.0 min
================================================================================

頛 25 ??暺?
蝭暺???撣? {'depot': 1, 'normal': 20, 'urgent': 5}
Urgent 蝭暺? 5 ??
Normal 蝭暺? 20 ??

================================================================================
Phase 1: Parallel Insertion Construction (Initial Solution)
================================================================================
Warning: MCS-1 憓?瑼Ｘ???渲?隡唬?銝?湛?撌脤???Node 17
Warning: MCS-1 憓?瑼Ｘ???渲?隡唬?銝?湛?撌脤???Node 5

--- ??閫?---

============================================================
閫????
============================================================

頠??蔭
MCS頝臬??? 5
UAV頝臬??? 1

?格??賣 (?惜撘?
蝮賣??? 10163.67
?芣??蝵? 10000.00 (1 ? 10000.0)
蝑??: 151.12 (151.12 min ? 1.0)
頝?: 12.55 (1255.29 km ? 0.01)

???
撟喳??冽蝑??? (?券摰Ｘ): 151.12 ??
閬??? 96.0% (24/25)
?航?閫? ??(???蝭暺?

?嗡???
蝮賜?嗥?敺??? 3626.78 ??

MCS ?璅∪?蝯梯?
  Fast Charging (250 kW): 3 甈?
  Slow Charging (11 kW): 20 甈?
?Ｗ?瘥?: 87.0%

MCS 頝臬?閰單?
MCS-1: 蝭暺?[21, 15, 4, 25, 13, 8], 頝=224.0km, ?冽蝑?=699.6min, 璅∪?=[F:2/S:4]
MCS-2: 蝭暺?[3, 10, 6, 22, 12, 14], 頝=368.0km, ?冽蝑?=1071.9min, 璅∪?=[F:1/S:5]
MCS-3: 蝭暺?[16, 7, 18, 2], 頝=200.0km, ?冽蝑?=672.1min, 璅∪?=[F:0/S:4]
MCS-4: 蝭暺?[9, 26, 23, 17, 11], 頝=252.0km, ?冽蝑?=863.6min, 璅∪?=[F:0/S:5]
MCS-5: 蝭暺?[5, 19], 頝=136.0km, ?冽蝑?=279.0min, 璅∪?=[F:0/S:2]

UAV 頝臬?閰單?
UAV-1: 蝭暺?[20], 頝=75.3km, ?冽蝑?=40.6min

============================================================
Construction Time: 0.0009 seconds

================================================================================
Phase 2: ALNS Improvement
================================================================================

============================================================
ALNS ?? | ?? cost=10163.6688 | destroy range=[2, 9]
============================================================
.\venv\Scripts\python.exe : Traceback (most recent c
all last):
位於 線路:1 字元:32
+ ... HONIOENCODING='utf-8'; .\venv\Scripts\python.e
xe main.py 2>&1 | Out-F ...
+                            ~~~~~~~~~~~~~~~~~~~~~~~
~~~~~~~~~~~~~~~
    + CategoryInfo          : NotSpecified: (Traceb 
   ack (most recent call last)::String) [], Remote  
  Exception
    + FullyQualifiedErrorId : NativeCommandError
 
  File "C:\Users\Louis\thesis_algorithm\main.py", li
ne 1781, in <module>
    main()
    ~~~~^^
  File "C:\Users\Louis\thesis_algorithm\main.py", li
ne 1764, in main
    best_solution = solver.solve(initial_solution)
  File "C:\Users\Louis\thesis_algorithm\main.py", li
ne 1356, in solve
    self.repair_ops[r_name](candidate, removed_nodes
)
    ~~~~~~~~~~~~~~~~~~~~~~~^^^^^^^^^^^^^^^^^^^^^^^^^
^
  File "C:\Users\Louis\thesis_algorithm\main.py", li
ne 1600, in _greedy_insertion
    feasible, delta_cost = self.problem.incremental_
insertion_check(route, pos, node)
                           ~~~~~~~~~~~~~~~~~~~~~~~~~
~~~~~~~~~~~~~~~^^^^^^^^^^^^^^^^^^
  File "C:\Users\Louis\thesis_algorithm\main.py", li
ne 934, in incremental_insertion_check
    prev_departure_time = route.departure_times[pos 
- 1]
                          ~~~~~~~~~~~~~~~~~~~~~^^^^^
^^^^
IndexError: list index out of range
